# JRE version: Java(TM) SE Runtime Environment (8.0_74-b02) (build 1.8.0_74-b02)
# Java VM: Java HotSpot(TM) 64-Bit Server VM (25.74-b02 mixed mode bsd-amd64 compressed oops)
Heap:
 PSYoungGen      total 532992K, used 89094K [0x000000076ab00000, 0x000000079f280000, 0x00000007c0000000)
  eden space 519168K, 15% used [0x000000076ab00000,0x000000076f819ad0,0x000000078a600000)
  from space 13824K, 73% used [0x000000078a600000,0x000000078afe8020,0x000000078b380000)
  to   space 14336K, 0% used [0x000000079e480000,0x000000079e480000,0x000000079f280000)
 ParOldGen       total 175104K, used 12009K [0x00000006c0000000, 0x00000006cab00000, 0x000000076ab00000)
  object space 175104K, 6% used [0x00000006c0000000,0x00000006c0bba620,0x00000006cab00000)
 Metaspace       used 5639K, capacity 6936K, committed 7296K, reserved 1056768K
  class space    used 703K, capacity 776K, committed 896K, reserved 1048576K
GC Heap History (10 events):
Event: 1.992 GC heap before
{Heap before GC invocations=5 (full 0):
 PSYoungGen      total 141824K, used 134869K [0x000000076ab00000, 0x0000000774000000, 0x00000007c0000000)
  eden space 131072K, 100% used [0x000000076ab00000,0x0000000772b00000,0x0000000772b00000)
  from space 10752K, 35% used [0x0000000773580000,0x0000000773935508,0x0000000774000000)
  to   space 10752K, 0% used [0x0000000772b00000,0x0000000772b00000,0x0000000773580000)
 ParOldGen       total 175104K, used 24K [0x00000006c0000000, 0x00000006cab00000, 0x000000076ab00000)
  object space 175104K, 0% used [0x00000006c0000000,0x00000006c0006000,0x00000006cab00000)
 Metaspace       used 5101K, capacity 6520K, committed 6656K, reserved 1056768K
  class space    used 655K, capacity 744K, committed 768K, reserved 1048576K
Event: 1.998 GC heap after
Heap after GC invocations=5 (full 0):
 PSYoungGen      total 141824K, used 4295K [0x000000076ab00000, 0x000000077b600000, 0x00000007c0000000)
  eden space 131072K, 0% used [0x000000076ab00000,0x000000076ab00000,0x0000000772b00000)
  from space 10752K, 39% used [0x0000000772b00000,0x0000000772f31e90,0x0000000773580000)
  to   space 5632K, 0% used [0x000000077b080000,0x000000077b080000,0x000000077b600000)
 ParOldGen       total 175104K, used 32K [0x00000006c0000000, 0x00000006cab00000, 0x000000076ab00000)
  object space 175104K, 0% used [0x00000006c0000000,0x00000006c0008000,0x00000006cab00000)
 Metaspace       used 5101K, capacity 6520K, committed 6656K, reserved 1056768K
  class space    used 655K, capacity 744K, committed 768K, reserved 1048576K
}
Event: 2.257 GC heap before
{Heap before GC invocations=6 (full 0):
 PSYoungGen      total 141824K, used 135367K [0x000000076ab00000, 0x000000077b600000, 0x00000007c0000000)
  eden space 131072K, 100% used [0x000000076ab00000,0x0000000772b00000,0x0000000772b00000)
  from space 10752K, 39% used [0x0000000772b00000,0x0000000772f31e90,0x0000000773580000)
  to   space 5632K, 0% used [0x000000077b080000,0x000000077b080000,0x000000077b600000)
 ParOldGen       total 175104K, used 32K [0x00000006c0000000, 0x00000006cab00000, 0x000000076ab00000)
  object space 175104K, 0% used [0x00000006c0000000,0x00000006c0008000,0x00000006cab00000)
 Metaspace       used 5109K, capacity 6520K, committed 6656K, reserved 1056768K
  class space    used 655K, capacity 744K, committed 768K, reserved 1048576K
Event: 2.264 GC heap after
Heap after GC invocations=6 (full 0):
 PSYoungGen      total 265728K, used 5605K [0x000000076ab00000, 0x000000077ba00000, 0x00000007c0000000)
  eden space 260096K, 0% used [0x000000076ab00000,0x000000076ab00000,0x000000077a900000)
  from space 5632K, 99% used [0x000000077b080000,0x000000077b5f9550,0x000000077b600000)
  to   space 7680K, 0% used [0x000000077a900000,0x000000077a900000,0x000000077b080000)
 ParOldGen       total 175104K, used 2592K [0x00000006c0000000, 0x00000006cab00000, 0x000000076ab00000)
  object space 175104K, 1% used [0x00000006c0000000,0x00000006c0288000,0x00000006cab00000)
 Metaspace       used 5109K, capacity 6520K, committed 6656K, reserved 1056768K
  class space    used 655K, capacity 744K, committed 768K, reserved 1048576K
}
Event: 2.964 GC heap before
{Heap before GC invocations=7 (full 0):
 PSYoungGen      total 265728K, used 265701K [0x000000076ab00000, 0x000000077ba00000, 0x00000007c0000000)
  eden space 260096K, 100% used [0x000000076ab00000,0x000000077a900000,0x000000077a900000)
  from space 5632K, 99% used [0x000000077b080000,0x000000077b5f9550,0x000000077b600000)
  to   space 7680K, 0% used [0x000000077a900000,0x000000077a900000,0x000000077b080000)
 ParOldGen       total 175104K, used 2592K [0x00000006c0000000, 0x00000006cab00000, 0x000000076ab00000)
  object space 175104K, 1% used [0x00000006c0000000,0x00000006c0288000,0x00000006cab00000)
 Metaspace       used 5119K, capacity 6520K, committed 6656K, reserved 1056768K
  class space    used 655K, capacity 744K, committed 768K, reserved 1048576K
Event: 2.974 GC heap after
Heap after GC invocations=7 (full 0):
 PSYoungGen      total 267776K, used 7648K [0x000000076ab00000, 0x000000078c000000, 0x00000007c0000000)
  eden space 260096K, 0% used [0x000000076ab00000,0x000000076ab00000,0x000000077a900000)
  from space 7680K, 99% used [0x000000077a900000,0x000000077b078010,0x000000077b080000)
  to   space 12800K, 0% used [0x000000078b380000,0x000000078b380000,0x000000078c000000)
 ParOldGen       total 175104K, used 10337K [0x00000006c0000000, 0x00000006cab00000, 0x000000076ab00000)
  object space 175104K, 5% used [0x00000006c0000000,0x00000006c0a18620,0x00000006cab00000)
 Metaspace       used 5119K, capacity 6520K, committed 6656K, reserved 1056768K
  class space    used 655K, capacity 744K, committed 768K, reserved 1048576K
}
Event: 3.221 GC heap before
{Heap before GC invocations=8 (full 0):
 PSYoungGen      total 267776K, used 267744K [0x000000076ab00000, 0x000000078c000000, 0x00000007c0000000)
  eden space 260096K, 100% used [0x000000076ab00000,0x000000077a900000,0x000000077a900000)
  from space 7680K, 99% used [0x000000077a900000,0x000000077b078010,0x000000077b080000)
  to   space 12800K, 0% used [0x000000078b380000,0x000000078b380000,0x000000078c000000)
 ParOldGen       total 175104K, used 10337K [0x00000006c0000000, 0x00000006cab00000, 0x000000076ab00000)
  object space 175104K, 5% used [0x00000006c0000000,0x00000006c0a18620,0x00000006cab00000)
 Metaspace       used 5122K, capacity 6520K, committed 6656K, reserved 1056768K
  class space    used 655K, capacity 744K, committed 768K, reserved 1048576K
Event: 3.228 GC heap after
Heap after GC invocations=8 (full 0):
 PSYoungGen      total 531968K, used 10144K [0x000000076ab00000, 0x000000078c200000, 0x00000007c0000000)
  eden space 519168K, 0% used [0x000000076ab00000,0x000000076ab00000,0x000000078a600000)
  from space 12800K, 79% used [0x000000078b380000,0x000000078bd68020,0x000000078c000000)
  to   space 13824K, 0% used [0x000000078a600000,0x000000078a600000,0x000000078b380000)
 ParOldGen       total 175104K, used 10457K [0x00000006c0000000, 0x00000006cab00000, 0x000000076ab00000)
  object space 175104K, 5% used [0x00000006c0000000,0x00000006c0a36620,0x00000006cab00000)
 Metaspace       used 5122K, capacity 6520K, committed 6656K, reserved 1056768K
  class space    used 655K, capacity 744K, committed 768K, reserved 1048576K
}
Event: 3.778 GC heap before
{Heap before GC invocations=9 (full 0):
 PSYoungGen      total 531968K, used 529312K [0x000000076ab00000, 0x000000078c200000, 0x00000007c0000000)
  eden space 519168K, 100% used [0x000000076ab00000,0x000000078a600000,0x000000078a600000)
  from space 12800K, 79% used [0x000000078b380000,0x000000078bd68020,0x000000078c000000)
  to   space 13824K, 0% used [0x000000078a600000,0x000000078a600000,0x000000078b380000)
 ParOldGen       total 175104K, used 10457K [0x00000006c0000000, 0x00000006cab00000, 0x000000076ab00000)
  object space 175104K, 5% used [0x00000006c0000000,0x00000006c0a36620,0x00000006cab00000)
 Metaspace       used 5127K, capacity 6520K, committed 6656K, reserved 1056768K
  class space    used 655K, capacity 744K, committed 768K, reserved 1048576K
Event: 3.786 GC heap after
Heap after GC invocations=9 (full 0):
 PSYoungGen      total 532992K, used 10144K [0x000000076ab00000, 0x000000079f280000, 0x00000007c0000000)
  eden space 519168K, 0% used [0x000000076ab00000,0x000000076ab00000,0x000000078a600000)
  from space 13824K, 73% used [0x000000078a600000,0x000000078afe8020,0x000000078b380000)
  to   space 14336K, 0% used [0x000000079e480000,0x000000079e480000,0x000000079f280000)
 ParOldGen       total 175104K, used 12009K [0x00000006c0000000, 0x00000006cab00000, 0x000000076ab00000)
  object space 175104K, 6% used [0x00000006c0000000,0x00000006c0bba620,0x00000006cab00000)
 Metaspace       used 5127K, capacity 6520K, committed 6656K, reserved 1056768K
  class space    used 655K, capacity 744K, committed 768K, reserved 1048576K
}

